<?xml version="1.0" encoding="UTF-8"?>
<testng-results ignored="0" total="1" passed="1" failed="0" skipped="0">
  <reporter-output>
  </reporter-output>
  <suite started-at="2025-07-05T22:05:10 IST" name="Default suite" finished-at="2025-07-05T22:05:16 IST" duration-ms="5377">
    <groups>
    </groups>
    <test started-at="2025-07-05T22:05:10 IST" name="Default test" finished-at="2025-07-05T22:05:16 IST" duration-ms="5377">
      <class name="com.transmedia_ui.qa.testcases.BoardPageTest">
        <test-method is-config="true" signature="TestBase()[pri:0, instance:com.transmedia_ui.qa.testcases.BoardPageTest@4c309d4d]" started-at="2025-07-05T22:05:10 IST" name="TestBase" finished-at="2025-07-05T22:05:10 IST" duration-ms="8" status="PASS">
          <reporter-output>
          </reporter-output>
        </test-method> <!-- TestBase -->
        <test-method is-config="true" signature="setup()[pri:0, instance:com.transmedia_ui.qa.testcases.BoardPageTest@4c309d4d]" started-at="2025-07-05T22:05:10 IST" name="setup" finished-at="2025-07-05T22:05:14 IST" duration-ms="3837" status="PASS">
          <reporter-output>
          </reporter-output>
        </test-method> <!-- setup -->
        <test-method signature="testCreateBoard()[pri:1, instance:com.transmedia_ui.qa.testcases.BoardPageTest@4c309d4d]" started-at="2025-07-05T22:05:14 IST" name="testCreateBoard" finished-at="2025-07-05T22:05:15 IST" duration-ms="1245" status="PASS">
          <reporter-output>
          </reporter-output>
        </test-method> <!-- testCreateBoard -->
        <test-method is-config="true" signature="teardown()[pri:0, instance:com.transmedia_ui.qa.testcases.BoardPageTest@4c309d4d]" started-at="2025-07-05T22:05:15 IST" name="teardown" finished-at="2025-07-05T22:05:16 IST" duration-ms="238" status="PASS">
          <reporter-output>
          </reporter-output>
        </test-method> <!-- teardown -->
      </class> <!-- com.transmedia_ui.qa.testcases.BoardPageTest -->
    </test> <!-- Default test -->
  </suite> <!-- Default suite -->
</testng-results>
